2023-09-21 10:23:45 INFO com.BasePage.ListnersonStart:97 - ################ Test Scripts Execution as Started ###################
  2023-09-21 10:24:03 INFO com.BasePage.ListnersonTestStart:38 - #########################homeExecution is started ################
  2023-09-21 10:24:06 INFO org.Oxygen.Oxygenoxygen:42 - Assert verification is done for Oxygen monitoring home page
  2023-09-21 10:24:22 INFO com.BasePage.ListnersonTestSuccess:49 - #########################home has been Sucessfully Completed ################
  2023-09-21 10:24:47 INFO com.BasePage.ListnersonTestStart:38 - #########################monitorExecution is started ################
  2023-09-21 10:24:51 INFO org.Oxygen.Oxygen_monitoringmonitor:81 - Assert verification is done for oxygen monitoring page
  2023-09-21 10:25:16 INFO com.BasePage.ListnersonTestSuccess:49 - #########################monitor has been Sucessfully Completed ################
  2023-09-21 10:25:41 INFO com.BasePage.ListnersonTestStart:38 - #########################analyticsExecution is started ################
  2023-09-21 10:25:45 INFO org.Oxygen.Oxygen_analyticsanalytic:81 - Assert verification is done for Analytics -> consumption page
  2023-09-21 10:26:02 INFO org.Oxygen.Oxygen_analyticsheatmaphome:156 - Assert verification is done for anlytics heatmap  page
  2023-09-21 10:26:25 INFO org.Oxygen.Oxygen_analyticsequipment:223 - Assert verification is done for equipment wise consumption page
  2023-09-21 10:26:40 INFO com.BasePage.ListnersonTestSuccess:49 - #########################analytics has been Sucessfully Completed ################
  2023-09-21 10:27:04 INFO com.BasePage.ListnersonTestStart:38 - #########################reportExecution is started ################
  2023-09-21 10:27:07 INFO org.Oxygen.Oxygen_reportshome:56 - Assert verification is done for Oxygen monitoring home page
  2023-09-21 10:27:09 INFO org.Oxygen.Oxygen_reportsreport:75 - Assert verification is done for Custom -> Oxygen monthly report page
  2023-09-21 10:27:20 INFO org.Oxygen.Oxygen_reportsreport2:92 - Assert verification is done for Custom -> Oxygen hourly report page
  2023-09-21 10:27:26 INFO org.Oxygen.Oxygen_reportsdd:151 - Report end date is wrong
  2023-09-21 10:27:27 INFO org.Oxygen.Oxygen_reportsdd:151 - Report end date is wrong
  2023-09-21 10:27:28 INFO org.Oxygen.Oxygen_reportsdd:151 - Report end date is wrong
  2023-09-21 10:27:30 INFO org.Oxygen.Oxygen_reportsreport3:110 - Assert verification is done for Custom -> Oxygen daily report page
  2023-09-21 10:27:39 INFO com.BasePage.ListnersonTestSuccess:49 - #########################report has been Sucessfully Completed ################
  2023-09-21 10:27:50 INFO com.BasePage.ListnersonFinish:108 - ################ Test Scripts Execution as Finished ###################
  